{
  "0 debug pnpm:scope": {
    "selected": 1
  },
  "1 error pnpm": {
    "message": {
      "errno": 1,
      "code": "ELIFECYCLE",
      "pkgid": "type-fest@0.10.0",
      "stage": "test",
      "script": "xo && tsd",
      "pkgname": "type-fest"
    },
    "err": {
      "name": "Error",
      "message": "type-fest@0.10.0 test: `xo && tsd`\nExit status 1",
      "code": "ELIFECYCLE",
      "stack": "Error: type-fest@0.10.0 test: `xo && tsd`\nExit status 1\n    at EventEmitter.<anonymous> (/home/resynth/.npm-packages/pnpm-global/3/node_modules/.pnpm/registry.npmjs.org/pnpm/4.6.0/node_modules/pnpm/lib/node_modules/@zkochan/npm-lifecycle/index.js:302:16)\n    at EventEmitter.emit (events.js:223:5)\n    at ChildProcess.<anonymous> (/home/resynth/.npm-packages/pnpm-global/3/node_modules/.pnpm/registry.npmjs.org/pnpm/4.6.0/node_modules/pnpm/lib/node_modules/@zkochan/npm-lifecycle/lib/spawn.js:55:14)\n    at ChildProcess.emit (events.js:223:5)\n    at maybeClose (internal/child_process.js:1021:16)\n    at Process.ChildProcess._handle.onexit (internal/child_process.js:283:5)"
    }
  }
}